<?xml version="1.0" encoding="UTF-8"?>
<!-- Generated by org.testng.reporters.JUnitXMLReporter -->
<testsuite ignored="0" hostname="miNotebook_pro" failures="2" tests="3" name="Test1" time="7.526" errors="0" timestamp="2022-11-04T12:30:57 IST">
  <testcase classname="com.DWA.testcases.TC_01_LoginTest" name="loginWithInvalidPassword" time="0.164">
    <failure type="java.lang.IllegalArgumentException" message="Keys to send should be a not null CharSequence">
      <![CDATA[java.lang.IllegalArgumentException: Keys to send should be a not null CharSequence
at org.openqa.selenium.remote.RemoteWebElement.sendKeys(RemoteWebElement.java:98)
at org.openqa.selenium.support.pagefactory.internal.LocatingElementHandler.invoke(LocatingElementHandler.java:52)
at jdk.proxy2/jdk.proxy2.$Proxy29.sendKeys(Unknown Source)
at com.DWA.pageObjects.LoginPage.enterPassword(LoginPage.java:33)
at com.DWA.testcases.TC_01_LoginTest.loginWithInvalidPassword(TC_01_LoginTest.java:35)
at java.base/java.util.ArrayList.forEach(ArrayList.java:1511)
... Removed 31 stack frames]]>
    </failure>
  </testcase> <!-- loginWithInvalidPassword -->
  <testcase classname="com.DWA.testcases.TC_01_LoginTest" name="loginWithInvalidUserId" time="0.042">
    <failure type="java.lang.IllegalArgumentException" message="Keys to send should be a not null CharSequence">
      <![CDATA[java.lang.IllegalArgumentException: Keys to send should be a not null CharSequence
at org.openqa.selenium.remote.RemoteWebElement.sendKeys(RemoteWebElement.java:98)
at org.openqa.selenium.support.pagefactory.internal.LocatingElementHandler.invoke(LocatingElementHandler.java:52)
at jdk.proxy2/jdk.proxy2.$Proxy29.sendKeys(Unknown Source)
at com.DWA.pageObjects.LoginPage.enterUserId(LoginPage.java:28)
at com.DWA.testcases.TC_01_LoginTest.loginWithInvalidUserId(TC_01_LoginTest.java:52)
at java.base/java.util.ArrayList.forEach(ArrayList.java:1511)
... Removed 31 stack frames]]>
    </failure>
  </testcase> <!-- loginWithInvalidUserId -->
  <testcase classname="com.DWA.testcases.TC_01_LoginTest" name="loginWithValidCredentials" time="1.677"/>
</testsuite> <!-- Test1 -->
