<?xml version="1.0" encoding="UTF-8"?>
<!-- Generated by org.testng.reporters.JUnitXMLReporter -->
<testsuite ignored="0" hostname="miNotebook_pro" failures="1" tests="1" name="Test" time="26.498" errors="0" timestamp="2022-11-03T20:51:50 IST">
  <testcase classname="com.DWA.testcases.TC_01_LoginTest" name="login" time="7.344">
    <failure type="java.lang.AssertionError" message="https://democonsole.dwacommerce.com/catalog/control/main expected:&amp;lt;https://democonsole.dwacommerce.com/catalog/control/main&amp;gt; but was:&amp;lt;Url is mismatched&amp;gt;">
      <![CDATA[java.lang.AssertionError: https://democonsole.dwacommerce.com/catalog/control/main expected:<https://democonsole.dwacommerce.com/catalog/control/main> but was:<Url is mismatched>
at com.DWA.testcases.TC_01_LoginTest.login(TC_01_LoginTest.java:28)
at java.base/java.util.ArrayList.forEach(ArrayList.java:1511)
... Removed 28 stack frames]]>
    </failure>
  </testcase> <!-- login -->
</testsuite> <!-- Test -->
